[02-Dec-2024 00:33:00 UTC] PHP Warning:  Undefined array key "REQUEST_METHOD" in /Users/mehrad/Documents/shahabmusic/login_admin.php on line 9
[02-Dec-2024 00:37:20 UTC] PHP Warning:  Undefined array key "REQUEST_METHOD" in /Users/mehrad/Documents/shahabmusic/login_admin.php on line 15
[02-Dec-2024 00:37:44 UTC] PHP Warning:  Undefined array key "REQUEST_METHOD" in /Users/mehrad/Documents/shahabmusic/login_admin.php on line 15
[02-Dec-2024 00:37:48 UTC] PHP Warning:  Undefined array key "REQUEST_METHOD" in /Users/mehrad/Documents/shahabmusic/login_admin.php on line 15
[02-Dec-2024 00:38:07 UTC] PHP Warning:  Undefined array key "REQUEST_METHOD" in /Users/mehrad/Documents/shahabmusic/login_admin.php on line 15
[02-Dec-2024 00:38:17 UTC] PHP Warning:  Undefined array key "REQUEST_METHOD" in /Users/mehrad/Documents/shahabmusic/login_admin.php on line 15
[02-Dec-2024 00:38:26 UTC] PHP Warning:  Undefined array key "REQUEST_METHOD" in /Users/mehrad/Documents/shahabmusic/login_admin.php on line 15
[02-Dec-2024 00:38:46 UTC] PHP Warning:  Undefined array key "REQUEST_METHOD" in /Users/mehrad/Documents/shahabmusic/login_admin.php on line 14
[02-Dec-2024 00:38:55 UTC] PHP Warning:  Undefined array key "REQUEST_METHOD" in /Users/mehrad/Documents/shahabmusic/login_admin.php on line 14
[02-Dec-2024 00:39:13 UTC] PHP Warning:  Undefined array key "REQUEST_METHOD" in /Users/mehrad/Documents/shahabmusic/login_admin.php on line 14
[02-Dec-2024 00:39:17 UTC] PHP Warning:  Undefined array key "REQUEST_METHOD" in /Users/mehrad/Documents/shahabmusic/login_admin.php on line 14
[04-Dec-2024 21:30:56 UTC] Accessing ticket ID: 6713584e24b34
[04-Dec-2024 21:30:56 UTC] Tickets loaded: {"670355e0b0e11":{"id":"670355e0b0e11","user":"mehrad3","title":"hi","description":"whats my name ?","status":"Open","created_at":"2024-10-07 03:30:40","updated_at":"2024-10-11 21:52:23","responses":[{"user":"admin","message":"i can see you perfectly","created_at":"2024-10-07 03:32:06"},{"user":"mehrad3","message":"thanks","created_at":"2024-10-07 04:33:07"},{"user":"mehrad3","message":"shahab online ast","created_at":"2024-10-08 21:19:37"},{"user":"admin","message":"salam dadash","created_at":"2024-10-08 21:29:16"},{"user":"admin","message":"matin injast","created_at":"2024-10-11 21:52:23"}]},"670f05d8ae293":{"id":"670f05d8ae293","user":"mehrad4","title":"hi","description":"hi","status":"Open","created_at":"2024-10-16 00:16:24","updated_at":"2024-10-16 00:21:05","responses":[]},"6713584e24b34":{"id":"6713584e24b34","user":"mehrad4","title":"salam","description":"khobin","status":"Closed","created_at":"2024-10-19 06:57:18","updated_at":"2024-10-19 09:22:24","responses":[{"user":"admin","message":"salam azizam","created_at":"2024-10-19 07:03:13"},{"user":"mehrad4","message":"salaaam","created_at":"2024-10-19 09:19:33"},{"user":"admin","message":"tamaam ?","created_at":"2024-10-19 09:22:29"}]}}
[04-Dec-2024 22:51:09 UTC] PHP Deprecated:  htmlspecialchars(): Passing null to parameter #1 ($string) of type string is deprecated in /Users/mehrad/Documents/shahabmusic/client_dashboard.php on line 162
[04-Dec-2024 22:51:09 UTC] PHP Deprecated:  htmlspecialchars(): Passing null to parameter #1 ($string) of type string is deprecated in /Users/mehrad/Documents/shahabmusic/client_dashboard.php on line 162
[04-Dec-2024 22:52:11 UTC] PHP Deprecated:  htmlspecialchars(): Passing null to parameter #1 ($string) of type string is deprecated in /Users/mehrad/Documents/shahabmusic/client_dashboard.php on line 162
[04-Dec-2024 22:52:11 UTC] PHP Deprecated:  htmlspecialchars(): Passing null to parameter #1 ($string) of type string is deprecated in /Users/mehrad/Documents/shahabmusic/client_dashboard.php on line 162
[04-Dec-2024 22:52:12 UTC] PHP Deprecated:  htmlspecialchars(): Passing null to parameter #1 ($string) of type string is deprecated in /Users/mehrad/Documents/shahabmusic/client_dashboard.php on line 162
[04-Dec-2024 22:52:12 UTC] PHP Deprecated:  htmlspecialchars(): Passing null to parameter #1 ($string) of type string is deprecated in /Users/mehrad/Documents/shahabmusic/client_dashboard.php on line 162
[04-Dec-2024 22:52:13 UTC] PHP Deprecated:  htmlspecialchars(): Passing null to parameter #1 ($string) of type string is deprecated in /Users/mehrad/Documents/shahabmusic/client_dashboard.php on line 162
[04-Dec-2024 22:52:13 UTC] PHP Deprecated:  htmlspecialchars(): Passing null to parameter #1 ($string) of type string is deprecated in /Users/mehrad/Documents/shahabmusic/client_dashboard.php on line 162
[04-Dec-2024 22:52:14 UTC] PHP Deprecated:  htmlspecialchars(): Passing null to parameter #1 ($string) of type string is deprecated in /Users/mehrad/Documents/shahabmusic/client_dashboard.php on line 162
[04-Dec-2024 22:52:14 UTC] PHP Deprecated:  htmlspecialchars(): Passing null to parameter #1 ($string) of type string is deprecated in /Users/mehrad/Documents/shahabmusic/client_dashboard.php on line 162
[04-Dec-2024 22:52:15 UTC] PHP Deprecated:  htmlspecialchars(): Passing null to parameter #1 ($string) of type string is deprecated in /Users/mehrad/Documents/shahabmusic/client_dashboard.php on line 162
[04-Dec-2024 22:52:15 UTC] PHP Deprecated:  htmlspecialchars(): Passing null to parameter #1 ($string) of type string is deprecated in /Users/mehrad/Documents/shahabmusic/client_dashboard.php on line 162
[04-Dec-2024 22:52:16 UTC] PHP Deprecated:  htmlspecialchars(): Passing null to parameter #1 ($string) of type string is deprecated in /Users/mehrad/Documents/shahabmusic/client_dashboard.php on line 162
[04-Dec-2024 22:52:16 UTC] PHP Deprecated:  htmlspecialchars(): Passing null to parameter #1 ($string) of type string is deprecated in /Users/mehrad/Documents/shahabmusic/client_dashboard.php on line 162
[04-Dec-2024 22:52:16 UTC] PHP Deprecated:  htmlspecialchars(): Passing null to parameter #1 ($string) of type string is deprecated in /Users/mehrad/Documents/shahabmusic/client_dashboard.php on line 162
[04-Dec-2024 22:52:16 UTC] PHP Deprecated:  htmlspecialchars(): Passing null to parameter #1 ($string) of type string is deprecated in /Users/mehrad/Documents/shahabmusic/client_dashboard.php on line 162
[04-Dec-2024 22:52:17 UTC] PHP Deprecated:  htmlspecialchars(): Passing null to parameter #1 ($string) of type string is deprecated in /Users/mehrad/Documents/shahabmusic/client_dashboard.php on line 162
[04-Dec-2024 22:52:17 UTC] PHP Deprecated:  htmlspecialchars(): Passing null to parameter #1 ($string) of type string is deprecated in /Users/mehrad/Documents/shahabmusic/client_dashboard.php on line 162
[04-Dec-2024 22:52:18 UTC] PHP Deprecated:  htmlspecialchars(): Passing null to parameter #1 ($string) of type string is deprecated in /Users/mehrad/Documents/shahabmusic/client_dashboard.php on line 162
[04-Dec-2024 22:52:18 UTC] PHP Deprecated:  htmlspecialchars(): Passing null to parameter #1 ($string) of type string is deprecated in /Users/mehrad/Documents/shahabmusic/client_dashboard.php on line 162
[04-Dec-2024 22:52:18 UTC] PHP Deprecated:  htmlspecialchars(): Passing null to parameter #1 ($string) of type string is deprecated in /Users/mehrad/Documents/shahabmusic/client_dashboard.php on line 162
[04-Dec-2024 22:52:18 UTC] PHP Deprecated:  htmlspecialchars(): Passing null to parameter #1 ($string) of type string is deprecated in /Users/mehrad/Documents/shahabmusic/client_dashboard.php on line 162
[04-Dec-2024 22:52:18 UTC] PHP Deprecated:  htmlspecialchars(): Passing null to parameter #1 ($string) of type string is deprecated in /Users/mehrad/Documents/shahabmusic/client_dashboard.php on line 162
[04-Dec-2024 22:52:18 UTC] PHP Deprecated:  htmlspecialchars(): Passing null to parameter #1 ($string) of type string is deprecated in /Users/mehrad/Documents/shahabmusic/client_dashboard.php on line 162
[04-Dec-2024 22:52:19 UTC] PHP Deprecated:  htmlspecialchars(): Passing null to parameter #1 ($string) of type string is deprecated in /Users/mehrad/Documents/shahabmusic/client_dashboard.php on line 162
[04-Dec-2024 22:52:19 UTC] PHP Deprecated:  htmlspecialchars(): Passing null to parameter #1 ($string) of type string is deprecated in /Users/mehrad/Documents/shahabmusic/client_dashboard.php on line 162
[04-Dec-2024 22:52:19 UTC] PHP Deprecated:  htmlspecialchars(): Passing null to parameter #1 ($string) of type string is deprecated in /Users/mehrad/Documents/shahabmusic/client_dashboard.php on line 162
[04-Dec-2024 22:52:19 UTC] PHP Deprecated:  htmlspecialchars(): Passing null to parameter #1 ($string) of type string is deprecated in /Users/mehrad/Documents/shahabmusic/client_dashboard.php on line 162
[04-Dec-2024 22:52:19 UTC] PHP Deprecated:  htmlspecialchars(): Passing null to parameter #1 ($string) of type string is deprecated in /Users/mehrad/Documents/shahabmusic/client_dashboard.php on line 162
[04-Dec-2024 22:52:19 UTC] PHP Deprecated:  htmlspecialchars(): Passing null to parameter #1 ($string) of type string is deprecated in /Users/mehrad/Documents/shahabmusic/client_dashboard.php on line 162
[04-Dec-2024 22:52:19 UTC] PHP Deprecated:  htmlspecialchars(): Passing null to parameter #1 ($string) of type string is deprecated in /Users/mehrad/Documents/shahabmusic/client_dashboard.php on line 162
[04-Dec-2024 22:52:19 UTC] PHP Deprecated:  htmlspecialchars(): Passing null to parameter #1 ($string) of type string is deprecated in /Users/mehrad/Documents/shahabmusic/client_dashboard.php on line 162
[04-Dec-2024 22:52:20 UTC] PHP Deprecated:  htmlspecialchars(): Passing null to parameter #1 ($string) of type string is deprecated in /Users/mehrad/Documents/shahabmusic/client_dashboard.php on line 162
[04-Dec-2024 22:52:20 UTC] PHP Deprecated:  htmlspecialchars(): Passing null to parameter #1 ($string) of type string is deprecated in /Users/mehrad/Documents/shahabmusic/client_dashboard.php on line 162
[04-Dec-2024 22:52:20 UTC] PHP Deprecated:  htmlspecialchars(): Passing null to parameter #1 ($string) of type string is deprecated in /Users/mehrad/Documents/shahabmusic/client_dashboard.php on line 162
[04-Dec-2024 22:52:20 UTC] PHP Deprecated:  htmlspecialchars(): Passing null to parameter #1 ($string) of type string is deprecated in /Users/mehrad/Documents/shahabmusic/client_dashboard.php on line 162
[04-Dec-2024 22:52:20 UTC] PHP Deprecated:  htmlspecialchars(): Passing null to parameter #1 ($string) of type string is deprecated in /Users/mehrad/Documents/shahabmusic/client_dashboard.php on line 162
[04-Dec-2024 22:52:20 UTC] PHP Deprecated:  htmlspecialchars(): Passing null to parameter #1 ($string) of type string is deprecated in /Users/mehrad/Documents/shahabmusic/client_dashboard.php on line 162
[04-Dec-2024 22:52:21 UTC] PHP Deprecated:  htmlspecialchars(): Passing null to parameter #1 ($string) of type string is deprecated in /Users/mehrad/Documents/shahabmusic/client_dashboard.php on line 162
[04-Dec-2024 22:52:21 UTC] PHP Deprecated:  htmlspecialchars(): Passing null to parameter #1 ($string) of type string is deprecated in /Users/mehrad/Documents/shahabmusic/client_dashboard.php on line 162
[04-Dec-2024 22:52:21 UTC] PHP Deprecated:  htmlspecialchars(): Passing null to parameter #1 ($string) of type string is deprecated in /Users/mehrad/Documents/shahabmusic/client_dashboard.php on line 162
[04-Dec-2024 22:52:21 UTC] PHP Deprecated:  htmlspecialchars(): Passing null to parameter #1 ($string) of type string is deprecated in /Users/mehrad/Documents/shahabmusic/client_dashboard.php on line 162
[04-Dec-2024 22:52:21 UTC] PHP Deprecated:  htmlspecialchars(): Passing null to parameter #1 ($string) of type string is deprecated in /Users/mehrad/Documents/shahabmusic/client_dashboard.php on line 162
[04-Dec-2024 22:52:21 UTC] PHP Deprecated:  htmlspecialchars(): Passing null to parameter #1 ($string) of type string is deprecated in /Users/mehrad/Documents/shahabmusic/client_dashboard.php on line 162
[04-Dec-2024 22:52:22 UTC] PHP Deprecated:  htmlspecialchars(): Passing null to parameter #1 ($string) of type string is deprecated in /Users/mehrad/Documents/shahabmusic/client_dashboard.php on line 162
[04-Dec-2024 22:52:22 UTC] PHP Deprecated:  htmlspecialchars(): Passing null to parameter #1 ($string) of type string is deprecated in /Users/mehrad/Documents/shahabmusic/client_dashboard.php on line 162
[04-Dec-2024 22:52:22 UTC] PHP Deprecated:  htmlspecialchars(): Passing null to parameter #1 ($string) of type string is deprecated in /Users/mehrad/Documents/shahabmusic/client_dashboard.php on line 162
[04-Dec-2024 22:52:22 UTC] PHP Deprecated:  htmlspecialchars(): Passing null to parameter #1 ($string) of type string is deprecated in /Users/mehrad/Documents/shahabmusic/client_dashboard.php on line 162
[04-Dec-2024 22:52:22 UTC] PHP Deprecated:  htmlspecialchars(): Passing null to parameter #1 ($string) of type string is deprecated in /Users/mehrad/Documents/shahabmusic/client_dashboard.php on line 162
[04-Dec-2024 22:52:22 UTC] PHP Deprecated:  htmlspecialchars(): Passing null to parameter #1 ($string) of type string is deprecated in /Users/mehrad/Documents/shahabmusic/client_dashboard.php on line 162
[04-Dec-2024 22:52:22 UTC] PHP Deprecated:  htmlspecialchars(): Passing null to parameter #1 ($string) of type string is deprecated in /Users/mehrad/Documents/shahabmusic/client_dashboard.php on line 162
[04-Dec-2024 22:52:22 UTC] PHP Deprecated:  htmlspecialchars(): Passing null to parameter #1 ($string) of type string is deprecated in /Users/mehrad/Documents/shahabmusic/client_dashboard.php on line 162
[04-Dec-2024 22:52:23 UTC] PHP Deprecated:  htmlspecialchars(): Passing null to parameter #1 ($string) of type string is deprecated in /Users/mehrad/Documents/shahabmusic/client_dashboard.php on line 162
[04-Dec-2024 22:52:23 UTC] PHP Deprecated:  htmlspecialchars(): Passing null to parameter #1 ($string) of type string is deprecated in /Users/mehrad/Documents/shahabmusic/client_dashboard.php on line 162
[04-Dec-2024 22:52:23 UTC] PHP Deprecated:  htmlspecialchars(): Passing null to parameter #1 ($string) of type string is deprecated in /Users/mehrad/Documents/shahabmusic/client_dashboard.php on line 162
[04-Dec-2024 22:52:23 UTC] PHP Deprecated:  htmlspecialchars(): Passing null to parameter #1 ($string) of type string is deprecated in /Users/mehrad/Documents/shahabmusic/client_dashboard.php on line 162
[04-Dec-2024 22:52:23 UTC] PHP Deprecated:  htmlspecialchars(): Passing null to parameter #1 ($string) of type string is deprecated in /Users/mehrad/Documents/shahabmusic/client_dashboard.php on line 162
[04-Dec-2024 22:52:23 UTC] PHP Deprecated:  htmlspecialchars(): Passing null to parameter #1 ($string) of type string is deprecated in /Users/mehrad/Documents/shahabmusic/client_dashboard.php on line 162
[04-Dec-2024 22:52:23 UTC] PHP Deprecated:  htmlspecialchars(): Passing null to parameter #1 ($string) of type string is deprecated in /Users/mehrad/Documents/shahabmusic/client_dashboard.php on line 162
[04-Dec-2024 22:52:23 UTC] PHP Deprecated:  htmlspecialchars(): Passing null to parameter #1 ($string) of type string is deprecated in /Users/mehrad/Documents/shahabmusic/client_dashboard.php on line 162
[04-Dec-2024 22:52:24 UTC] PHP Deprecated:  htmlspecialchars(): Passing null to parameter #1 ($string) of type string is deprecated in /Users/mehrad/Documents/shahabmusic/client_dashboard.php on line 162
[04-Dec-2024 22:52:24 UTC] PHP Deprecated:  htmlspecialchars(): Passing null to parameter #1 ($string) of type string is deprecated in /Users/mehrad/Documents/shahabmusic/client_dashboard.php on line 162
[04-Dec-2024 22:52:24 UTC] PHP Deprecated:  htmlspecialchars(): Passing null to parameter #1 ($string) of type string is deprecated in /Users/mehrad/Documents/shahabmusic/client_dashboard.php on line 162
[04-Dec-2024 22:52:24 UTC] PHP Deprecated:  htmlspecialchars(): Passing null to parameter #1 ($string) of type string is deprecated in /Users/mehrad/Documents/shahabmusic/client_dashboard.php on line 162
[04-Dec-2024 22:52:24 UTC] PHP Deprecated:  htmlspecialchars(): Passing null to parameter #1 ($string) of type string is deprecated in /Users/mehrad/Documents/shahabmusic/client_dashboard.php on line 162
[04-Dec-2024 22:52:24 UTC] PHP Deprecated:  htmlspecialchars(): Passing null to parameter #1 ($string) of type string is deprecated in /Users/mehrad/Documents/shahabmusic/client_dashboard.php on line 162
[04-Dec-2024 22:52:24 UTC] PHP Deprecated:  htmlspecialchars(): Passing null to parameter #1 ($string) of type string is deprecated in /Users/mehrad/Documents/shahabmusic/client_dashboard.php on line 162
[04-Dec-2024 22:52:24 UTC] PHP Deprecated:  htmlspecialchars(): Passing null to parameter #1 ($string) of type string is deprecated in /Users/mehrad/Documents/shahabmusic/client_dashboard.php on line 162
[04-Dec-2024 22:52:25 UTC] PHP Deprecated:  htmlspecialchars(): Passing null to parameter #1 ($string) of type string is deprecated in /Users/mehrad/Documents/shahabmusic/client_dashboard.php on line 162
[04-Dec-2024 22:52:25 UTC] PHP Deprecated:  htmlspecialchars(): Passing null to parameter #1 ($string) of type string is deprecated in /Users/mehrad/Documents/shahabmusic/client_dashboard.php on line 162
[04-Dec-2024 22:52:25 UTC] PHP Deprecated:  htmlspecialchars(): Passing null to parameter #1 ($string) of type string is deprecated in /Users/mehrad/Documents/shahabmusic/client_dashboard.php on line 162
[04-Dec-2024 22:52:25 UTC] PHP Deprecated:  htmlspecialchars(): Passing null to parameter #1 ($string) of type string is deprecated in /Users/mehrad/Documents/shahabmusic/client_dashboard.php on line 162
[04-Dec-2024 22:52:25 UTC] PHP Deprecated:  htmlspecialchars(): Passing null to parameter #1 ($string) of type string is deprecated in /Users/mehrad/Documents/shahabmusic/client_dashboard.php on line 162
[04-Dec-2024 22:52:25 UTC] PHP Deprecated:  htmlspecialchars(): Passing null to parameter #1 ($string) of type string is deprecated in /Users/mehrad/Documents/shahabmusic/client_dashboard.php on line 162
[04-Dec-2024 22:52:25 UTC] PHP Deprecated:  htmlspecialchars(): Passing null to parameter #1 ($string) of type string is deprecated in /Users/mehrad/Documents/shahabmusic/client_dashboard.php on line 162
[04-Dec-2024 22:52:25 UTC] PHP Deprecated:  htmlspecialchars(): Passing null to parameter #1 ($string) of type string is deprecated in /Users/mehrad/Documents/shahabmusic/client_dashboard.php on line 162
[04-Dec-2024 22:52:26 UTC] PHP Deprecated:  htmlspecialchars(): Passing null to parameter #1 ($string) of type string is deprecated in /Users/mehrad/Documents/shahabmusic/client_dashboard.php on line 162
[04-Dec-2024 22:52:26 UTC] PHP Deprecated:  htmlspecialchars(): Passing null to parameter #1 ($string) of type string is deprecated in /Users/mehrad/Documents/shahabmusic/client_dashboard.php on line 162
[04-Dec-2024 22:52:26 UTC] PHP Deprecated:  htmlspecialchars(): Passing null to parameter #1 ($string) of type string is deprecated in /Users/mehrad/Documents/shahabmusic/client_dashboard.php on line 162
[04-Dec-2024 22:52:26 UTC] PHP Deprecated:  htmlspecialchars(): Passing null to parameter #1 ($string) of type string is deprecated in /Users/mehrad/Documents/shahabmusic/client_dashboard.php on line 162
[04-Dec-2024 22:52:26 UTC] PHP Deprecated:  htmlspecialchars(): Passing null to parameter #1 ($string) of type string is deprecated in /Users/mehrad/Documents/shahabmusic/client_dashboard.php on line 162
[04-Dec-2024 22:52:26 UTC] PHP Deprecated:  htmlspecialchars(): Passing null to parameter #1 ($string) of type string is deprecated in /Users/mehrad/Documents/shahabmusic/client_dashboard.php on line 162
[04-Dec-2024 22:52:26 UTC] PHP Deprecated:  htmlspecialchars(): Passing null to parameter #1 ($string) of type string is deprecated in /Users/mehrad/Documents/shahabmusic/client_dashboard.php on line 162
[04-Dec-2024 22:52:26 UTC] PHP Deprecated:  htmlspecialchars(): Passing null to parameter #1 ($string) of type string is deprecated in /Users/mehrad/Documents/shahabmusic/client_dashboard.php on line 162
[04-Dec-2024 22:52:27 UTC] PHP Deprecated:  htmlspecialchars(): Passing null to parameter #1 ($string) of type string is deprecated in /Users/mehrad/Documents/shahabmusic/client_dashboard.php on line 162
[04-Dec-2024 22:52:27 UTC] PHP Deprecated:  htmlspecialchars(): Passing null to parameter #1 ($string) of type string is deprecated in /Users/mehrad/Documents/shahabmusic/client_dashboard.php on line 162
[04-Dec-2024 22:52:27 UTC] PHP Deprecated:  htmlspecialchars(): Passing null to parameter #1 ($string) of type string is deprecated in /Users/mehrad/Documents/shahabmusic/client_dashboard.php on line 162
[04-Dec-2024 22:52:27 UTC] PHP Deprecated:  htmlspecialchars(): Passing null to parameter #1 ($string) of type string is deprecated in /Users/mehrad/Documents/shahabmusic/client_dashboard.php on line 162
[04-Dec-2024 22:52:27 UTC] PHP Deprecated:  htmlspecialchars(): Passing null to parameter #1 ($string) of type string is deprecated in /Users/mehrad/Documents/shahabmusic/client_dashboard.php on line 162
[04-Dec-2024 22:52:27 UTC] PHP Deprecated:  htmlspecialchars(): Passing null to parameter #1 ($string) of type string is deprecated in /Users/mehrad/Documents/shahabmusic/client_dashboard.php on line 162
[04-Dec-2024 22:54:08 UTC] PHP Warning:  SQLite3::prepare(): Unable to prepare statement: no such column: v.description in /Users/mehrad/Documents/shahabmusic/lesson.php on line 39
[04-Dec-2024 22:54:08 UTC] PHP Fatal error:  Uncaught Error: Call to a member function bindValue() on false in /Users/mehrad/Documents/shahabmusic/lesson.php:52
Stack trace:
#0 {main}
  thrown in /Users/mehrad/Documents/shahabmusic/lesson.php on line 52
[04-Dec-2024 22:54:14 UTC] PHP Warning:  SQLite3::prepare(): Unable to prepare statement: no such column: v.description in /Users/mehrad/Documents/shahabmusic/lesson.php on line 39
[04-Dec-2024 22:54:14 UTC] PHP Fatal error:  Uncaught Error: Call to a member function bindValue() on false in /Users/mehrad/Documents/shahabmusic/lesson.php:52
Stack trace:
#0 {main}
  thrown in /Users/mehrad/Documents/shahabmusic/lesson.php on line 52
[04-Dec-2024 23:00:31 UTC] PHP Warning:  SQLite3::prepare(): Unable to prepare statement: no such column: v.description in /Users/mehrad/Documents/shahabmusic/lesson.php on line 39
[04-Dec-2024 23:00:31 UTC] PHP Fatal error:  Uncaught Error: Call to a member function bindValue() on false in /Users/mehrad/Documents/shahabmusic/lesson.php:52
Stack trace:
#0 {main}
  thrown in /Users/mehrad/Documents/shahabmusic/lesson.php on line 52
[04-Dec-2024 23:07:28 UTC] PHP Warning:  SQLite3::prepare(): Unable to prepare statement: table videos has no column named description in /Users/mehrad/Documents/shahabmusic/process_add_course.php on line 53
[04-Dec-2024 23:07:28 UTC] PHP Fatal error:  Uncaught Error: Call to a member function bindValue() on false in /Users/mehrad/Documents/shahabmusic/process_add_course.php:59
Stack trace:
#0 {main}
  thrown in /Users/mehrad/Documents/shahabmusic/process_add_course.php on line 59
[05-Dec-2024 00:54:12 UTC] PHP Deprecated:  htmlspecialchars(): Passing null to parameter #1 ($string) of type string is deprecated in /Users/mehrad/Documents/shahabmusic/lesson.php on line 112
[05-Dec-2024 00:54:16 UTC] PHP Deprecated:  htmlspecialchars(): Passing null to parameter #1 ($string) of type string is deprecated in /Users/mehrad/Documents/shahabmusic/lesson.php on line 112
[05-Dec-2024 02:21:23 UTC] PHP Deprecated:  htmlspecialchars(): Passing null to parameter #1 ($string) of type string is deprecated in /var/www/semitone.me/lesson.php on line 112
[26-Dec-2024 20:45:42 UTC] PHP Deprecated:  htmlspecialchars(): Passing null to parameter #1 ($string) of type string is deprecated in /var/www/semitone.me/lesson.php on line 112
[26-Dec-2024 20:45:45 UTC] PHP Deprecated:  htmlspecialchars(): Passing null to parameter #1 ($string) of type string is deprecated in /var/www/semitone.me/lesson.php on line 112
[26-Dec-2024 20:45:49 UTC] PHP Deprecated:  htmlspecialchars(): Passing null to parameter #1 ($string) of type string is deprecated in /var/www/semitone.me/lesson.php on line 112
